<?xml version="1.0" encoding="UTF-8"?>
<!-- Generated by org.testng.reporters.JUnitReportReporter -->
<testsuite hostname="DESKTOP-POO9BB3" failures="0" tests="2" name="week5.day3.dataprovider.CreateLead" time="29.596" errors="0" timestamp="2023-07-17T10:46:47 AEST" skipped="0">
  <testcase classname="week5.day3.dataprovider.CreateLead" name="createLead" time="15.232"/>
  <system-out/>
  <testcase classname="week5.day3.dataprovider.CreateLead" name="createLead" time="14.364"/>
  <system-out/>
</testsuite> <!-- week5.day3.dataprovider.CreateLead -->
