<?xml version="1.0" encoding="UTF-8"?>
<!-- Generated by org.testng.reporters.JUnitReportReporter -->
<testsuite hostname="DESKTOP-POO9BB3" failures="0" tests="1" name="parameterRunner.CucumberRunner" time="4.584" errors="0" timestamp="2023-08-01T12:17:44 AEST" skipped="0">
  <testcase classname="parameterRunner.CucumberRunner" name="runScenario" time="4.584"/>
  <system-out/>
</testsuite> <!-- parameterRunner.CucumberRunner -->
