<?xml version="1.0" encoding="UTF-8"?>
<!-- Generated by org.testng.reporters.JUnitReportReporter -->
<testsuite hostname="DESKTOP-POO9BB3" failures="0" tests="2" name="dynamicParameterRunner.LoginCreateLeadRunnerClass" time="32.049" errors="0" timestamp="2023-08-31T22:04:28 AEST" skipped="0">
  <testcase classname="dynamicParameterRunner.LoginCreateLeadRunnerClass" name="runScenario" time="14.535"/>
  <system-out/>
  <testcase classname="dynamicParameterRunner.LoginCreateLeadRunnerClass" name="runScenario" time="17.514"/>
  <system-out/>
</testsuite> <!-- dynamicParameterRunner.LoginCreateLeadRunnerClass -->
