<?xml version="1.0" encoding="UTF-8"?>
<!-- Generated by org.testng.reporters.JUnitReportReporter -->
<testsuite hostname="DESKTOP-POO9BB3" failures="0" tests="2" name="dynamicParameterRunner.LoginRunner" time="11.017" errors="0" timestamp="2023-10-05T10:31:37 AEDT" skipped="0">
  <testcase classname="dynamicParameterRunner.LoginRunner" name="runScenario" time="6.560"/>
  <system-out/>
  <testcase classname="dynamicParameterRunner.LoginRunner" name="runScenario" time="4.457"/>
  <system-out/>
</testsuite> <!-- dynamicParameterRunner.LoginRunner -->
