<?xml version="1.0" encoding="UTF-8"?>
<!-- Generated by org.testng.reporters.JUnitReportReporter -->
<testsuite hostname="DESKTOP-POO9BB3" failures="0" tests="1" name="week5.day3.CreateLead" time="16.825" errors="0" timestamp="2023-07-17T09:36:36 AEST" skipped="0">
  <testcase classname="week5.day3.CreateLead" name="createLead" time="16.825"/>
  <system-out/>
</testsuite> <!-- week5.day3.CreateLead -->
