<?xml version="1.0" encoding="UTF-8"?>
<!-- Generated by org.testng.reporters.JUnitReportReporter -->
<testsuite hostname="DESKTOP-POO9BB3" failures="0" tests="2" name="week5.day4.ReadExcelData.EditLead" time="60.517" errors="0" timestamp="2023-07-17T15:09:19 AEST" skipped="0">
  <testcase classname="week5.day4.ReadExcelData.EditLead" name="editLead" time="32.869"/>
  <system-out/>
  <testcase classname="week5.day4.ReadExcelData.EditLead" name="editLead" time="27.648"/>
  <system-out/>
</testsuite> <!-- week5.day4.ReadExcelData.EditLead -->
