<?xml version="1.0" encoding="UTF-8"?>
<!-- Generated by org.testng.reporters.JUnitReportReporter -->
<testsuite hostname="DESKTOP-POO9BB3" failures="0" tests="1" name="week5.day1testcase.DuplicateLead" time="22.983" errors="0" timestamp="2023-07-16T16:40:48 AEST" skipped="0">
  <testcase classname="week5.day1testcase.DuplicateLead" name="duplicateLead" time="22.983"/>
  <system-out/>
</testsuite> <!-- week5.day1testcase.DuplicateLead -->
