<?xml version="1.0" encoding="UTF-8"?>
<!-- Generated by org.testng.reporters.JUnitReportReporter -->
<testsuite hostname="DESKTOP-POO9BB3" failures="0" tests="1" name="week5.day2.DeleteLead" time="16.698" errors="0" timestamp="2023-07-17T11:18:37 AEST" skipped="0">
  <testcase classname="week5.day2.DeleteLead" name="deleteLead" time="16.698"/>
  <system-out/>
</testsuite> <!-- week5.day2.DeleteLead -->
