<?xml version="1.0" encoding="UTF-8"?>
<!-- Generated by org.testng.reporters.JUnitReportReporter -->
<testsuite hostname="DESKTOP-POO9BB3" failures="0" tests="2" name="addresser.RegisterClassAddresser" time="0.000" errors="0" timestamp="2023-07-24T20:22:49 AEST" skipped="2">
  <testcase classname="addresser.RegisterClassAddresser" name="createNewUser" time="0.000">
    <skipped/>
  </testcase> <!-- createNewUser -->
  <system-out/>
  <testcase classname="addresser.RegisterClassAddresser" name="createNewUser" time="0.000">
    <skipped/>
  </testcase> <!-- createNewUser -->
  <system-out/>
</testsuite> <!-- addresser.RegisterClassAddresser -->
