<?xml version="1.0" encoding="UTF-8"?>
<!-- Generated by org.testng.reporters.JUnitReportReporter -->
<testsuite hostname="DESKTOP-POO9BB3" failures="0" tests="1" name="week5.day2.DuplicateLead" time="20.314" errors="0" timestamp="2023-07-17T13:00:32 AEST" skipped="0">
  <testcase classname="week5.day2.DuplicateLead" name="duplicateLead" time="20.314"/>
  <system-out/>
</testsuite> <!-- week5.day2.DuplicateLead -->
