<?xml version="1.0" encoding="UTF-8"?>
<!-- Generated by org.testng.reporters.JUnitReportReporter -->
<testsuite hostname="DESKTOP-POO9BB3" failures="0" tests="1" name="runner.CucumberRunner" time="4.620" errors="0" timestamp="2023-08-01T11:53:59 AEST" skipped="0">
  <testcase classname="runner.CucumberRunner" name="runScenario" time="4.620"/>
  <system-out/>
</testsuite> <!-- runner.CucumberRunner -->
