<?xml version="1.0" encoding="UTF-8"?>
<!-- Generated by org.testng.reporters.JUnitReportReporter -->
<testsuite hostname="DESKTOP-POO9BB3" failures="0" tests="3" name="week5.day3.dataprovider.EditLead" time="49.889" errors="0" timestamp="2023-07-17T10:46:47 AEST" skipped="0">
  <testcase classname="week5.day3.dataprovider.EditLead" name="EditLead" time="15.872"/>
  <system-out/>
  <testcase classname="week5.day3.dataprovider.EditLead" name="EditLead" time="17.420"/>
  <system-out/>
  <testcase classname="week5.day3.dataprovider.EditLead" name="EditLead" time="16.597"/>
  <system-out/>
</testsuite> <!-- week5.day3.dataprovider.EditLead -->
