<?xml version="1.0" encoding="UTF-8"?>
<!-- Generated by org.testng.reporters.JUnitReportReporter -->
<testsuite hostname="DESKTOP-POO9BB3" failures="0" tests="1" name="week5.day2.CreateLead" time="22.087" errors="0" timestamp="2023-07-17T11:28:01 AEST" skipped="0">
  <testcase classname="week5.day2.CreateLead" name="createLead" time="22.087"/>
  <system-out/>
</testsuite> <!-- week5.day2.CreateLead -->
