<?xml version="1.0" encoding="UTF-8"?>
<!-- Generated by org.testng.reporters.JUnitReportReporter -->
<testsuite hostname="DESKTOP-POO9BB3" failures="0" tests="1" name="week5.day1.testcase.CreateLead" time="15.101" errors="0" timestamp="2023-08-02T12:33:06 AEST" skipped="0">
  <testcase classname="week5.day1.testcase.CreateLead" name="createLead" time="15.101"/>
  <system-out/>
</testsuite> <!-- week5.day1.testcase.CreateLead -->
