<?xml version="1.0" encoding="UTF-8"?>
<!-- Generated by org.testng.reporters.JUnitReportReporter -->
<testsuite hostname="DESKTOP-POO9BB3" failures="0" tests="8" name="addresser.RegisterClassAddresser1" time="379.696" errors="0" timestamp="2023-07-26T14:53:48 AEST" skipped="0">
  <testcase classname="addresser.RegisterClassAddresser1" name="createNewUser" time="30.910"/>
  <system-out/>
  <testcase classname="addresser.RegisterClassAddresser1" name="createNewUser" time="61.148"/>
  <system-out/>
  <testcase classname="addresser.RegisterClassAddresser1" name="createNewUser" time="38.711"/>
  <system-out/>
  <testcase classname="addresser.RegisterClassAddresser1" name="createNewUser" time="32.562"/>
  <system-out/>
  <testcase classname="addresser.RegisterClassAddresser1" name="createNewUser" time="34.379"/>
  <system-out/>
  <testcase classname="addresser.RegisterClassAddresser1" name="createNewUser" time="60.777"/>
  <system-out/>
  <testcase classname="addresser.RegisterClassAddresser1" name="createNewUser" time="60.270"/>
  <system-out/>
  <testcase classname="addresser.RegisterClassAddresser1" name="createNewUser" time="60.939"/>
  <system-out/>
</testsuite> <!-- addresser.RegisterClassAddresser1 -->
