<?xml version="1.0" encoding="UTF-8"?>
<!-- Generated by org.testng.reporters.JUnitReportReporter -->
<testsuite hostname="DESKTOP-POO9BB3" failures="0" tests="1" name="week5.day1.TestngSample" time="7.380" errors="0" timestamp="2023-07-16T15:28:15 AEST" skipped="0">
  <testcase classname="week5.day1.TestngSample" name="loginPage" time="7.380"/>
  <system-out/>
</testsuite> <!-- week5.day1.TestngSample -->
