<?xml version="1.0" encoding="UTF-8"?>
<!-- Generated by org.testng.reporters.JUnitReportReporter -->
<testsuite hostname="DESKTOP-POO9BB3" failures="0" tests="2" name="ArraysAndStrings" time="225.876" errors="0" timestamp="2023-08-16T16:36:58 AEST" skipped="0">
  <testcase classname="ArraysAndStrings" name="sum" time="225.876"/>
  <system-out/>
  <testcase classname="ArraysAndStrings" name="sumUsingStr" time="0.000"/>
  <system-out/>
</testsuite> <!-- ArraysAndStrings -->
