<?xml version="1.0" encoding="UTF-8"?>
<!-- Generated by org.testng.reporters.JUnitReportReporter -->
<testsuite hostname="DESKTOP-POO9BB3" failures="0" tests="1" name="week5.day1testcase.DeleteLead" time="17.623" errors="0" timestamp="2023-07-16T16:57:50 AEST" skipped="0">
  <testcase classname="week5.day1testcase.DeleteLead" name="deleteLead" time="17.623"/>
  <system-out/>
</testsuite> <!-- week5.day1testcase.DeleteLead -->
