<?xml version="1.0" encoding="UTF-8"?>
<!-- Generated by org.testng.reporters.JUnitReportReporter -->
<testsuite hostname="DESKTOP-POO9BB3" failures="0" tests="2" name="week5.day3.Dataprovider_DynamicPara.CreateLead" time="29.279" errors="0" timestamp="2023-10-05T11:52:30 AEDT" skipped="0">
  <testcase classname="week5.day3.Dataprovider_DynamicPara.CreateLead" name="createLead" time="15.179"/>
  <system-out/>
  <testcase classname="week5.day3.Dataprovider_DynamicPara.CreateLead" name="createLead" time="14.100"/>
  <system-out/>
</testsuite> <!-- week5.day3.Dataprovider_DynamicPara.CreateLead -->
