<?xml version="1.0" encoding="UTF-8"?>
<!-- Generated by org.testng.reporters.JUnitReportReporter -->
<testsuite hostname="DESKTOP-POO9BB3" failures="0" tests="1" name="week5.day2.Annotations.DuplicateLead" time="19.182" errors="0" timestamp="2023-10-05T11:52:30 AEDT" skipped="0">
  <testcase classname="week5.day2.Annotations.DuplicateLead" name="duplicateLead" time="19.182"/>
  <system-out/>
</testsuite> <!-- week5.day2.Annotations.DuplicateLead -->
